<?xml version="1.0" encoding="UTF-8"?>
<!-- Generated by org.testng.reporters.JUnitReportReporter -->
<testsuite hostname="LAPTOP-LEEKOTLG" failures="0" tests="1" name="in.medicare.Test.BuyAPill" time="16.089" errors="0" timestamp="2023-01-08T19:26:14 IST" skipped="0">
  <testcase classname="in.medicare.Test.BuyAPill" name="buyAPill" time="16.089"/>
  <system-out/>
</testsuite> <!-- in.medicare.Test.BuyAPill -->
