<?xml version="1.0" encoding="UTF-8"?>
<!-- Generated by org.testng.reporters.JUnitReportReporter -->
<testsuite hostname="LAPTOP-LEEKOTLG" failures="0" tests="1" name="in.medicare.testscripts.TestRunner" time="12.430" errors="0" timestamp="2023-01-23T00:08:23 IST" skipped="0">
  <testcase classname="in.medicare.testscripts.TestRunner" name="runScenario" time="12.430"/>
  <system-out/>
</testsuite> <!-- in.medicare.testscripts.TestRunner -->
